<?xml version="1.0" encoding="UTF-8"?>
<!-- Generated by org.testng.reporters.JUnitXMLReporter -->
<testsuite ignored="2" hostname="DESKTOP-1AVQ4LH" failures="0" tests="3" name="Test" time="17.86" errors="0" timestamp="2021-07-08T11:15:57 IST">
  <testcase classname="net.assuresign.sprint_6_74.TestPlan_46966" name="testCase_48163_S674" time="8.406"/>
  <testcase classname="net.assuresign.sprint_6_74.TestPlan_46968" name="testCase_48165_S674" time="4.578"/>
  <testcase classname="net.assuresign.sprint_6_74.TestPlan_46967" name="testCase_48164_S674" time="4.709"/>
  <testcase classname="net.assuresign.base.Base" name="@BeforeSuite showVariables" time="0.0">
    <ignored/>
  </testcase> <!-- @BeforeSuite showVariables -->
  <testcase classname="net.assuresign.base.Base" name="@BeforeSuite showVariables" time="0.0">
    <ignored/>
  </testcase> <!-- @BeforeSuite showVariables -->
</testsuite> <!-- Test -->
