<?xml version="1.0" encoding="UTF-8"?>
<testng-results ignored="2" total="5" passed="3" failed="0" skipped="0">
  <reporter-output>
  </reporter-output>
  <suite started-at="2021-07-08T11:15:39 IST" name="Suite" finished-at="2021-07-08T11:15:57 IST" duration-ms="17860">
    <groups>
    </groups>
    <test started-at="2021-07-08T11:15:39 IST" name="Test" finished-at="2021-07-08T11:15:57 IST" duration-ms="17860">
      <class name="net.assuresign.sprint_6_74.TestPlan_46966">
        <test-method is-config="true" signature="showVariables()[pri:0, instance:net.assuresign.sprint_6_74.TestPlan_46966@618425b5]" started-at="2021-07-08T11:15:39 IST" name="showVariables" finished-at="2021-07-08T11:15:39 IST" duration-ms="6" status="PASS">
          <reporter-output>
          </reporter-output>
        </test-method> <!-- showVariables -->
        <test-method is-config="true" signature="reportUp(org.testng.ITestResult)[pri:0, instance:net.assuresign.sprint_6_74.TestPlan_46966@618425b5]" started-at="2021-07-08T11:15:39 IST" name="reportUp" finished-at="2021-07-08T11:15:39 IST" duration-ms="2" status="PASS">
          <params>
            <param index="0">
              <value>
                <![CDATA[[TestResult name={null} status=CREATED method=TestPlan_46966.testCase_48163_S674(java.lang.String)[pri:0, instance:net.assuresign.sprint_6_74.TestPlan_46966@618425b5] output={null}]]]>
              </value>
            </param>
          </params>
          <reporter-output>
          </reporter-output>
        </test-method> <!-- reportUp -->
        <test-method signature="testCase_48163_S674(java.lang.String)[pri:0, instance:net.assuresign.sprint_6_74.TestPlan_46966@618425b5]" started-at="2021-07-08T11:15:39 IST" name="testCase_48163_S674" data-provider="version-data-provider" finished-at="2021-07-08T11:15:48 IST" duration-ms="8406" status="PASS">
          <params>
            <param index="0">
              <value>
                <![CDATA[3.7]]>
              </value>
            </param>
          </params>
          <reporter-output>
          </reporter-output>
        </test-method> <!-- testCase_48163_S674 -->
        <test-method is-config="true" signature="tearDown(org.testng.ITestResult)[pri:0, instance:net.assuresign.sprint_6_74.TestPlan_46966@618425b5]" started-at="2021-07-08T11:15:48 IST" name="tearDown" finished-at="2021-07-08T11:15:48 IST" duration-ms="2" status="PASS">
          <params>
            <param index="0">
              <value>
                <![CDATA[[TestResult name=testCase_48163_S674 status=SUCCESS method=TestPlan_46966.testCase_48163_S674(java.lang.String)[pri:0, instance:net.assuresign.sprint_6_74.TestPlan_46966@618425b5] output={null}]]]>
              </value>
            </param>
          </params>
          <reporter-output>
          </reporter-output>
        </test-method> <!-- tearDown -->
      </class> <!-- net.assuresign.sprint_6_74.TestPlan_46966 -->
      <class name="net.assuresign.sprint_6_74.TestPlan_46968">
        <test-method is-config="true" signature="reportUp(org.testng.ITestResult)[pri:0, instance:net.assuresign.sprint_6_74.TestPlan_46968@2c35e847]" started-at="2021-07-08T11:15:48 IST" name="reportUp" finished-at="2021-07-08T11:15:48 IST" duration-ms="0" status="PASS">
          <params>
            <param index="0">
              <value>
                <![CDATA[[TestResult name={null} status=CREATED method=TestPlan_46968.testCase_48165_S674(java.lang.String)[pri:0, instance:net.assuresign.sprint_6_74.TestPlan_46968@2c35e847] output={null}]]]>
              </value>
            </param>
          </params>
          <reporter-output>
          </reporter-output>
        </test-method> <!-- reportUp -->
        <test-method signature="testCase_48165_S674(java.lang.String)[pri:0, instance:net.assuresign.sprint_6_74.TestPlan_46968@2c35e847]" started-at="2021-07-08T11:15:48 IST" name="testCase_48165_S674" data-provider="version-data-provider" finished-at="2021-07-08T11:15:52 IST" duration-ms="4578" status="PASS">
          <params>
            <param index="0">
              <value>
                <![CDATA[3.7]]>
              </value>
            </param>
          </params>
          <reporter-output>
          </reporter-output>
        </test-method> <!-- testCase_48165_S674 -->
        <test-method is-config="true" signature="tearDown(org.testng.ITestResult)[pri:0, instance:net.assuresign.sprint_6_74.TestPlan_46968@2c35e847]" started-at="2021-07-08T11:15:52 IST" name="tearDown" finished-at="2021-07-08T11:15:52 IST" duration-ms="1" status="PASS">
          <params>
            <param index="0">
              <value>
                <![CDATA[[TestResult name=testCase_48165_S674 status=SUCCESS method=TestPlan_46968.testCase_48165_S674(java.lang.String)[pri:0, instance:net.assuresign.sprint_6_74.TestPlan_46968@2c35e847] output={null}]]]>
              </value>
            </param>
          </params>
          <reporter-output>
          </reporter-output>
        </test-method> <!-- tearDown -->
      </class> <!-- net.assuresign.sprint_6_74.TestPlan_46968 -->
      <class name="net.assuresign.sprint_6_74.TestPlan_46967">
        <test-method is-config="true" signature="reportUp(org.testng.ITestResult)[pri:0, instance:net.assuresign.sprint_6_74.TestPlan_46967@7bd4937b]" started-at="2021-07-08T11:15:52 IST" name="reportUp" finished-at="2021-07-08T11:15:52 IST" duration-ms="1" status="PASS">
          <params>
            <param index="0">
              <value>
                <![CDATA[[TestResult name={null} status=CREATED method=TestPlan_46967.testCase_48164_S674(java.lang.String)[pri:0, instance:net.assuresign.sprint_6_74.TestPlan_46967@7bd4937b] output={null}]]]>
              </value>
            </param>
          </params>
          <reporter-output>
          </reporter-output>
        </test-method> <!-- reportUp -->
        <test-method signature="testCase_48164_S674(java.lang.String)[pri:0, instance:net.assuresign.sprint_6_74.TestPlan_46967@7bd4937b]" started-at="2021-07-08T11:15:52 IST" name="testCase_48164_S674" data-provider="version-data-provider" finished-at="2021-07-08T11:15:57 IST" duration-ms="4709" status="PASS">
          <params>
            <param index="0">
              <value>
                <![CDATA[3.7]]>
              </value>
            </param>
          </params>
          <reporter-output>
          </reporter-output>
        </test-method> <!-- testCase_48164_S674 -->
        <test-method is-config="true" signature="tearDown(org.testng.ITestResult)[pri:0, instance:net.assuresign.sprint_6_74.TestPlan_46967@7bd4937b]" started-at="2021-07-08T11:15:57 IST" name="tearDown" finished-at="2021-07-08T11:15:57 IST" duration-ms="1" status="PASS">
          <params>
            <param index="0">
              <value>
                <![CDATA[[TestResult name=testCase_48164_S674 status=SUCCESS method=TestPlan_46967.testCase_48164_S674(java.lang.String)[pri:0, instance:net.assuresign.sprint_6_74.TestPlan_46967@7bd4937b] output={null}]]]>
              </value>
            </param>
          </params>
          <reporter-output>
          </reporter-output>
        </test-method> <!-- tearDown -->
      </class> <!-- net.assuresign.sprint_6_74.TestPlan_46967 -->
    </test> <!-- Test -->
  </suite> <!-- Suite -->
</testng-results>
